# JRE version: OpenJDK Runtime Environment (8.0_202-b03) (build 1.8.0_202-release-1483-b03)
# Java VM: OpenJDK 64-Bit Server VM (25.202-b03 mixed mode windows-amd64 compressed oops)
Heap:
 PSYoungGen      total 471040K, used 280069K [0x00000000e0000000, 0x00000000fe900000, 0x0000000100000000)
  eden space 442368K, 59% used [0x00000000e0000000,0x00000000eff333f0,0x00000000fb000000)
  from space 28672K, 65% used [0x00000000fb000000,0x00000000fc24e190,0x00000000fcc00000)
  to   space 28160K, 0% used [0x00000000fcd80000,0x00000000fcd80000,0x00000000fe900000)
 ParOldGen       total 166912K, used 42862K [0x00000000a0000000, 0x00000000aa300000, 0x00000000e0000000)
  object space 166912K, 25% used [0x00000000a0000000,0x00000000a29dbb08,0x00000000aa300000)
 Metaspace       used 95978K, capacity 102415K, committed 102616K, reserved 1138688K
  class space    used 12071K, capacity 13187K, committed 13312K, reserved 1048576K
GC Heap History (10 events):
Event: 13177.247 GC heap before
{Heap before GC invocations=47 (full 4):
 PSYoungGen      total 465408K, used 457969K [0x00000000e0000000, 0x00000000fe500000, 0x0000000100000000)
  eden space 436224K, 100% used [0x00000000e0000000,0x00000000faa00000,0x00000000faa00000)
  from space 29184K, 74% used [0x00000000fc800000,0x00000000fdd3c5c0,0x00000000fe480000)
  to   space 30208K, 0% used [0x00000000faa00000,0x00000000faa00000,0x00000000fc780000)
 ParOldGen       total 166912K, used 42838K [0x00000000a0000000, 0x00000000aa300000, 0x00000000e0000000)
  object space 166912K, 25% used [0x00000000a0000000,0x00000000a29d5b08,0x00000000aa300000)
 Metaspace       used 95327K, capacity 101811K, committed 102104K, reserved 1138688K
  class space    used 12059K, capacity 13147K, committed 13312K, reserved 1048576K
Event: 13177.283 GC heap after
Heap after GC invocations=47 (full 4):
 PSYoungGen      total 466432K, used 13121K [0x00000000e0000000, 0x00000000fe780000, 0x0000000100000000)
  eden space 436224K, 0% used [0x00000000e0000000,0x00000000e0000000,0x00000000faa00000)
  from space 30208K, 43% used [0x00000000faa00000,0x00000000fb6d04f8,0x00000000fc780000)
  to   space 29184K, 0% used [0x00000000fcb00000,0x00000000fcb00000,0x00000000fe780000)
 ParOldGen       total 166912K, used 42838K [0x00000000a0000000, 0x00000000aa300000, 0x00000000e0000000)
  object space 166912K, 25% used [0x00000000a0000000,0x00000000a29d5b08,0x00000000aa300000)
 Metaspace       used 95327K, capacity 101811K, committed 102104K, reserved 1138688K
  class space    used 12059K, capacity 13147K, committed 13312K, reserved 1048576K
}
Event: 13398.187 GC heap before
{Heap before GC invocations=48 (full 4):
 PSYoungGen      total 466432K, used 449345K [0x00000000e0000000, 0x00000000fe780000, 0x0000000100000000)
  eden space 436224K, 100% used [0x00000000e0000000,0x00000000faa00000,0x00000000faa00000)
  from space 30208K, 43% used [0x00000000faa00000,0x00000000fb6d04f8,0x00000000fc780000)
  to   space 29184K, 0% used [0x00000000fcb00000,0x00000000fcb00000,0x00000000fe780000)
 ParOldGen       total 166912K, used 42838K [0x00000000a0000000, 0x00000000aa300000, 0x00000000e0000000)
  object space 166912K, 25% used [0x00000000a0000000,0x00000000a29d5b08,0x00000000aa300000)
 Metaspace       used 95442K, capacity 101875K, committed 102104K, reserved 1138688K
  class space    used 12060K, capacity 13147K, committed 13312K, reserved 1048576K
Event: 13398.243 GC heap after
Heap after GC invocations=48 (full 4):
 PSYoungGen      total 468992K, used 20551K [0x00000000e0000000, 0x00000000fe780000, 0x0000000100000000)
  eden space 439808K, 0% used [0x00000000e0000000,0x00000000e0000000,0x00000000fad80000)
  from space 29184K, 70% used [0x00000000fcb00000,0x00000000fdf11d28,0x00000000fe780000)
  to   space 29696K, 0% used [0x00000000fad80000,0x00000000fad80000,0x00000000fca80000)
 ParOldGen       total 166912K, used 42838K [0x00000000a0000000, 0x00000000aa300000, 0x00000000e0000000)
  object space 166912K, 25% used [0x00000000a0000000,0x00000000a29d5b08,0x00000000aa300000)
 Metaspace       used 95442K, capacity 101875K, committed 102104K, reserved 1138688K
  class space    used 12060K, capacity 13147K, committed 13312K, reserved 1048576K
}
Event: 13613.062 GC heap before
{Heap before GC invocations=49 (full 4):
 PSYoungGen      total 468992K, used 460359K [0x00000000e0000000, 0x00000000fe780000, 0x0000000100000000)
  eden space 439808K, 100% used [0x00000000e0000000,0x00000000fad80000,0x00000000fad80000)
  from space 29184K, 70% used [0x00000000fcb00000,0x00000000fdf11d28,0x00000000fe780000)
  to   space 29696K, 0% used [0x00000000fad80000,0x00000000fad80000,0x00000000fca80000)
 ParOldGen       total 166912K, used 42838K [0x00000000a0000000, 0x00000000aa300000, 0x00000000e0000000)
  object space 166912K, 25% used [0x00000000a0000000,0x00000000a29d5b08,0x00000000aa300000)
 Metaspace       used 95569K, capacity 102007K, committed 102360K, reserved 1138688K
  class space    used 12060K, capacity 13147K, committed 13312K, reserved 1048576K
Event: 13613.136 GC heap after
Heap after GC invocations=49 (full 4):
 PSYoungGen      total 469504K, used 20171K [0x00000000e0000000, 0x00000000fea80000, 0x0000000100000000)
  eden space 439808K, 0% used [0x00000000e0000000,0x00000000e0000000,0x00000000fad80000)
  from space 29696K, 67% used [0x00000000fad80000,0x00000000fc132f88,0x00000000fca80000)
  to   space 29696K, 0% used [0x00000000fcd80000,0x00000000fcd80000,0x00000000fea80000)
 ParOldGen       total 166912K, used 42846K [0x00000000a0000000, 0x00000000aa300000, 0x00000000e0000000)
  object space 166912K, 25% used [0x00000000a0000000,0x00000000a29d7b08,0x00000000aa300000)
 Metaspace       used 95569K, capacity 102007K, committed 102360K, reserved 1138688K
  class space    used 12060K, capacity 13147K, committed 13312K, reserved 1048576K
}
Event: 14303.786 GC heap before
{Heap before GC invocations=50 (full 4):
 PSYoungGen      total 469504K, used 459979K [0x00000000e0000000, 0x00000000fea80000, 0x0000000100000000)
  eden space 439808K, 100% used [0x00000000e0000000,0x00000000fad80000,0x00000000fad80000)
  from space 29696K, 67% used [0x00000000fad80000,0x00000000fc132f88,0x00000000fca80000)
  to   space 29696K, 0% used [0x00000000fcd80000,0x00000000fcd80000,0x00000000fea80000)
 ParOldGen       total 166912K, used 42846K [0x00000000a0000000, 0x00000000aa300000, 0x00000000e0000000)
  object space 166912K, 25% used [0x00000000a0000000,0x00000000a29d7b08,0x00000000aa300000)
 Metaspace       used 95741K, capacity 102229K, committed 102616K, reserved 1138688K
  class space    used 12063K, capacity 13152K, committed 13312K, reserved 1048576K
Event: 14303.829 GC heap after
Heap after GC invocations=50 (full 4):
 PSYoungGen      total 469504K, used 18209K [0x00000000e0000000, 0x00000000fe800000, 0x0000000100000000)
  eden space 442368K, 0% used [0x00000000e0000000,0x00000000e0000000,0x00000000fb000000)
  from space 27136K, 67% used [0x00000000fcd80000,0x00000000fdf48628,0x00000000fe800000)
  to   space 28672K, 0% used [0x00000000fb000000,0x00000000fb000000,0x00000000fcc00000)
 ParOldGen       total 166912K, used 42854K [0x00000000a0000000, 0x00000000aa300000, 0x00000000e0000000)
  object space 166912K, 25% used [0x00000000a0000000,0x00000000a29d9b08,0x00000000aa300000)
 Metaspace       used 95741K, capacity 102229K, committed 102616K, reserved 1138688K
  class space    used 12063K, capacity 13152K, committed 13312K, reserved 1048576K
}
Event: 14616.850 GC heap before
{Heap before GC invocations=51 (full 4):
 PSYoungGen      total 469504K, used 460577K [0x00000000e0000000, 0x00000000fe800000, 0x0000000100000000)
  eden space 442368K, 100% used [0x00000000e0000000,0x00000000fb000000,0x00000000fb000000)
  from space 27136K, 67% used [0x00000000fcd80000,0x00000000fdf48628,0x00000000fe800000)
  to   space 28672K, 0% used [0x00000000fb000000,0x00000000fb000000,0x00000000fcc00000)
 ParOldGen       total 166912K, used 42854K [0x00000000a0000000, 0x00000000aa300000, 0x00000000e0000000)
  object space 166912K, 25% used [0x00000000a0000000,0x00000000a29d9b08,0x00000000aa300000)
 Metaspace       used 95875K, capacity 102371K, committed 102616K, reserved 1138688K
  class space    used 12066K, capacity 13153K, committed 13312K, reserved 1048576K
Event: 14616.904 GC heap after
Heap after GC invocations=51 (full 4):
 PSYoungGen      total 471040K, used 18744K [0x00000000e0000000, 0x00000000fe900000, 0x0000000100000000)
  eden space 442368K, 0% used [0x00000000e0000000,0x00000000e0000000,0x00000000fb000000)
  from space 28672K, 65% used [0x00000000fb000000,0x00000000fc24e190,0x00000000fcc00000)
  to   space 28160K, 0% used [0x00000000fcd80000,0x00000000fcd80000,0x00000000fe900000)
 ParOldGen       total 166912K, used 42862K [0x00000000a0000000, 0x00000000aa300000, 0x00000000e0000000)
  object space 166912K, 25% used [0x00000000a0000000,0x00000000a29dbb08,0x00000000aa300000)
 Metaspace       used 95875K, capacity 102371K, committed 102616K, reserved 1138688K
  class space    used 12066K, capacity 13153K, committed 13312K, reserved 1048576K
}

